[19:38:28] [Client thread/INFO]: Setting user: Player394
[19:38:30] [Client thread/INFO]: LWJGL Version: 2.9.1
[19:38:32] [Client thread/INFO]: Reloading ResourceManager: Default, FMLFileResourcePack:Forge Mod Loader, FMLFileResourcePack:Minecraft Forge, FMLFileResourcePack:UnderwaterMod
[19:38:32] [Sound Library Loader/INFO]: Starting up SoundSystem...
[19:38:32] [Thread-7/INFO]: Initializing LWJGL OpenAL
[19:38:32] [Thread-7/INFO]: (The LWJGL binding of OpenAL.  For more information, see http://www.lwjgl.org)
[19:38:32] [Thread-7/INFO]: OpenAL initialized.
[19:38:33] [Sound Library Loader/INFO]: Sound engine started
[19:38:35] [Client thread/INFO]: Created: 512x512 textures-atlas
[19:38:35] [Client thread/INFO]: Reloading ResourceManager: Default, FMLFileResourcePack:Forge Mod Loader, FMLFileResourcePack:Minecraft Forge, FMLFileResourcePack:UnderwaterMod
[19:38:35] [Client thread/INFO]: SoundSystem shutting down...
[19:38:36] [Client thread/WARN]: Author: Paul Lamb, www.paulscode.com
[19:38:36] [Sound Library Loader/INFO]: Starting up SoundSystem...
[19:38:36] [Thread-9/INFO]: Initializing LWJGL OpenAL
[19:38:36] [Thread-9/INFO]: (The LWJGL binding of OpenAL.  For more information, see http://www.lwjgl.org)
[19:38:36] [Thread-9/INFO]: OpenAL initialized.
[19:38:36] [Sound Library Loader/INFO]: Sound engine started
[19:38:38] [Client thread/INFO]: Created: 512x512 textures-atlas
[19:38:41] [Server thread/INFO]: Starting integrated minecraft server version 1.8
[19:38:41] [Server thread/INFO]: Generating keypair
[19:38:42] [Server thread/INFO]: Preparing start region for level 0
[19:38:43] [Server thread/INFO]: Changing view distance to 12, from 10
[19:38:43] [Server thread/INFO]: Player394[local:E:9cabc747] logged in with entity id 365 at (110.5, 64.0, 250.5)
[19:38:43] [Server thread/INFO]: Player394 joined the game
[19:38:47] [Server thread/INFO]: Player394 has just earned the achievement [Taking Inventory]
[19:38:47] [Client thread/INFO]: [CHAT] Player394 has just earned the achievement [Taking Inventory]
[19:38:57] [Client thread/WARN]: Failed to load texture: underwatermod:textures/armor/buckethelmet
java.io.FileNotFoundException: underwatermod:textures/armor/buckethelmet
	at net.minecraft.client.resources.FallbackResourceManager.getResource(FallbackResourceManager.java:70) ~[FallbackResourceManager.class:?]
	at net.minecraft.client.resources.SimpleReloadableResourceManager.getResource(SimpleReloadableResourceManager.java:67) ~[SimpleReloadableResourceManager.class:?]
	at net.minecraft.client.renderer.texture.SimpleTexture.loadTexture(SimpleTexture.java:34) ~[SimpleTexture.class:?]
	at net.minecraft.client.renderer.texture.TextureManager.loadTexture(TextureManager.java:70) [TextureManager.class:?]
	at net.minecraft.client.renderer.texture.TextureManager.bindTexture(TextureManager.java:44) [TextureManager.class:?]
	at net.minecraft.client.renderer.entity.Render.bindTexture(Render.java:96) [Render.class:?]
	at net.minecraft.client.renderer.entity.layers.LayerArmorBase.func_177182_a(LayerArmorBase.java:62) [LayerArmorBase.class:?]
	at net.minecraft.client.renderer.entity.layers.LayerArmorBase.doRenderLayer(LayerArmorBase.java:38) [LayerArmorBase.class:?]
	at net.minecraft.client.renderer.entity.RendererLivingEntity.func_177093_a(RendererLivingEntity.java:480) [RendererLivingEntity.class:?]
	at net.minecraft.client.renderer.entity.RendererLivingEntity.doRender(RendererLivingEntity.java:190) [RendererLivingEntity.class:?]
	at net.minecraft.client.renderer.entity.RenderPlayer.func_180596_a(RenderPlayer.java:70) [RenderPlayer.class:?]
	at net.minecraft.client.renderer.entity.RenderPlayer.doRender(RenderPlayer.java:273) [RenderPlayer.class:?]
	at net.minecraft.client.renderer.entity.RenderManager.doRenderEntity(RenderManager.java:377) [RenderManager.class:?]
	at net.minecraft.client.renderer.entity.RenderManager.renderEntityWithPosYaw(RenderManager.java:357) [RenderManager.class:?]
	at net.minecraft.client.gui.inventory.GuiInventory.drawEntityOnScreen(GuiInventory.java:123) [GuiInventory.class:?]
	at net.minecraft.client.gui.inventory.GuiContainerCreative.drawGuiContainerBackgroundLayer(GuiContainerCreative.java:827) [GuiContainerCreative.class:?]
	at net.minecraft.client.gui.inventory.GuiContainer.drawScreen(GuiContainer.java:95) [GuiContainer.class:?]
	at net.minecraft.client.renderer.InventoryEffectRenderer.drawScreen(InventoryEffectRenderer.java:53) [InventoryEffectRenderer.class:?]
	at net.minecraft.client.gui.inventory.GuiContainerCreative.drawScreen(GuiContainerCreative.java:659) [GuiContainerCreative.class:?]
	at net.minecraftforge.client.ForgeHooksClient.drawScreen(ForgeHooksClient.java:462) [ForgeHooksClient.class:?]
	at net.minecraft.client.renderer.EntityRenderer.updateCameraAndRender(EntityRenderer.java:1134) [EntityRenderer.class:?]
	at net.minecraft.client.Minecraft.runGameLoop(Minecraft.java:1108) [Minecraft.class:?]
	at net.minecraft.client.Minecraft.run(Minecraft.java:376) [Minecraft.class:?]
	at net.minecraft.client.main.Main.main(Main.java:117) [Main.class:?]
	at sun.reflect.NativeMethodAccessorImpl.invoke0(Native Method) ~[?:1.8.0_31]
	at sun.reflect.NativeMethodAccessorImpl.invoke(Unknown Source) ~[?:1.8.0_31]
	at sun.reflect.DelegatingMethodAccessorImpl.invoke(Unknown Source) ~[?:1.8.0_31]
	at java.lang.reflect.Method.invoke(Unknown Source) ~[?:1.8.0_31]
	at net.minecraft.launchwrapper.Launch.launch(Launch.java:135) [launchwrapper-1.11.jar:?]
	at net.minecraft.launchwrapper.Launch.main(Launch.java:28) [launchwrapper-1.11.jar:?]
	at net.minecraftforge.gradle.GradleStartCommon.launch(Unknown Source) [start/:?]
	at GradleStart.main(Unknown Source) [start/:?]
[19:39:09] [Client thread/INFO]: [CHAT] Saved screenshot as 2015-04-17_19.39.08.png
[19:39:10] [Client thread/INFO]: [CHAT] Saved screenshot as 2015-04-17_19.39.10.png
[19:39:36] [Server thread/INFO]: Saving and pausing game...
[19:39:36] [Server thread/INFO]: Saving chunks for level 'New World'/Overworld
[19:39:36] [Server thread/INFO]: Saving chunks for level 'New World'/Nether
[19:39:36] [Server thread/INFO]: Saving chunks for level 'New World'/The End
[19:39:42] [Server thread/INFO]: Saving and pausing game...
[19:39:42] [Server thread/INFO]: Saving chunks for level 'New World'/Overworld
[19:39:42] [Server thread/INFO]: Saving chunks for level 'New World'/Nether
[19:39:42] [Server thread/INFO]: Saving chunks for level 'New World'/The End
[19:39:43] [Server thread/INFO]: Stopping server
[19:39:43] [Server thread/INFO]: Saving players
[19:39:43] [Server thread/INFO]: Saving worlds
[19:39:43] [Server thread/INFO]: Saving chunks for level 'New World'/Overworld
[19:39:43] [Server thread/INFO]: Saving chunks for level 'New World'/Nether
[19:39:43] [Server thread/INFO]: Saving chunks for level 'New World'/The End
[19:39:45] [Client thread/INFO]: Stopping!
[19:39:45] [Client thread/INFO]: SoundSystem shutting down...
[19:39:45] [Client thread/WARN]: Author: Paul Lamb, www.paulscode.com
